{
  "RSpec": {
    "coverage": {
      "/Users/kennaelainevan/RubymineProjects/projectdirectory-selt_2024_team_004/app/controllers/characters_controller.rb": {
        "lines": [
          1,
          1,
          1,
          3,
          2,
          1,
          null,
          1,
          null,
          null,
          null
        ]
      },
      "/Users/kennaelainevan/RubymineProjects/projectdirectory-selt_2024_team_004/app/controllers/application_controller.rb": {
        "lines": [
          1,
          1,
          1,
          null,
          1,
          0,
          null,
          null,
          1,
          6,
          6,
          null,
          null,
          1,
          0,
          0,
          0,
          0,
          null,
          null
        ]
      },
      "/Users/kennaelainevan/RubymineProjects/projectdirectory-selt_2024_team_004/app/controllers/sessions_controller.rb": {
        "lines": [
          1,
          1,
          null,
          null,
          1,
          3,
          3,
          1,
          1,
          1,
          1,
          1,
          null,
          2,
          2,
          null,
          null,
          null,
          1,
          1,
          1,
          null,
          null
        ]
      },
      "/Users/kennaelainevan/RubymineProjects/projectdirectory-selt_2024_team_004/app/controllers/settings_controller.rb": {
        "lines": [
          1,
          1,
          null,
          1,
          1,
          1,
          1,
          null,
          null,
          1,
          2,
          null,
          2,
          1,
          1,
          1,
          null,
          1,
          1,
          null,
          null,
          null,
          1,
          null,
          1,
          null,
          0,
          null,
          null,
          null,
          null,
          null,
          1,
          5,
          5,
          null,
          null
        ]
      },
      "/Users/kennaelainevan/RubymineProjects/projectdirectory-selt_2024_team_004/app/controllers/squares_controller.rb": {
        "lines": [
          1,
          1,
          3,
          3,
          null,
          3,
          1,
          1,
          null,
          null,
          2,
          null,
          null,
          1,
          null,
          1,
          3,
          3,
          3,
          3,
          3,
          3,
          null,
          null,
          1,
          3,
          null,
          null
        ]
      },
      "/Users/kennaelainevan/RubymineProjects/projectdirectory-selt_2024_team_004/app/controllers/users_controller.rb": {
        "lines": [
          1,
          1,
          null,
          1,
          2,
          null,
          null,
          1,
          4,
          null,
          4,
          4,
          2,
          2,
          null,
          2,
          2,
          null,
          null,
          null,
          1,
          4,
          4,
          null,
          null,
          null,
          null
        ]
      },
      "/Users/kennaelainevan/RubymineProjects/projectdirectory-selt_2024_team_004/app/controllers/worlds_controller.rb": {
        "lines": [
          1,
          1,
          null,
          1,
          1,
          null,
          null,
          1,
          1,
          1,
          null,
          0,
          0,
          null,
          null,
          null,
          1,
          0,
          0,
          null,
          null,
          null,
          null,
          null,
          0,
          0,
          0,
          0,
          null,
          null,
          0,
          null,
          0,
          0,
          null,
          0,
          0,
          null,
          null,
          null,
          null,
          1,
          0,
          0,
          null,
          0,
          0,
          0,
          0,
          null,
          0,
          0,
          null,
          0,
          null,
          null,
          1,
          0,
          0,
          null,
          0,
          0,
          0,
          0,
          0,
          null,
          0,
          0,
          null,
          0,
          0,
          0,
          0,
          0,
          null,
          0,
          0,
          0,
          null,
          null,
          null,
          null,
          1,
          null,
          1,
          null,
          0,
          null,
          null,
          0,
          0,
          null,
          null,
          0,
          0,
          0,
          null,
          null,
          null,
          null,
          null,
          null,
          0,
          0,
          0,
          null,
          null,
          null,
          null,
          null,
          null,
          0,
          null,
          null,
          0,
          0,
          null,
          0,
          0,
          0,
          null,
          null,
          0,
          null,
          null,
          null,
          null,
          null,
          null,
          null,
          null,
          null,
          null,
          null,
          null,
          0,
          null,
          0,
          null,
          null,
          null,
          null,
          null,
          null,
          null,
          0,
          null,
          null,
          null,
          0,
          0,
          0,
          null,
          0,
          null,
          null,
          null,
          null,
          null,
          null,
          0,
          null,
          null,
          null,
          1,
          0,
          0,
          0,
          0,
          0,
          null,
          null,
          0,
          0,
          null,
          0,
          0,
          0,
          0,
          0,
          null,
          null,
          0,
          null,
          null,
          null,
          0,
          null,
          0,
          null,
          null,
          0,
          0,
          0,
          0,
          null,
          0,
          0,
          0,
          0,
          null,
          null,
          0,
          null,
          null,
          null,
          0,
          0,
          0,
          0,
          null,
          null,
          0,
          0,
          0,
          0,
          0,
          null,
          null,
          0,
          null,
          null,
          null,
          0,
          0,
          null,
          0,
          0,
          0,
          0,
          0,
          0,
          0,
          0,
          null,
          0,
          null,
          null,
          null,
          0,
          null,
          null,
          null,
          1,
          0,
          null,
          null,
          null,
          null,
          null,
          null,
          null,
          0,
          0,
          0,
          0,
          0,
          0,
          null,
          null,
          null,
          null,
          null,
          null,
          null,
          null,
          1,
          0,
          null,
          0,
          null,
          null,
          0,
          null,
          null,
          null,
          null,
          null,
          null,
          null,
          null,
          null,
          null,
          null,
          null,
          null,
          null,
          null,
          null,
          null,
          null,
          null,
          null,
          null,
          null,
          null,
          null,
          null,
          null,
          null,
          null,
          null,
          null,
          null,
          null,
          null,
          null,
          null,
          null,
          null,
          null,
          null,
          null,
          null,
          null,
          null,
          null,
          null,
          null,
          null,
          null,
          null,
          null,
          null,
          null,
          null,
          0,
          0,
          null,
          0,
          null,
          0,
          null,
          null,
          null,
          null,
          null,
          null,
          null,
          null,
          null,
          null,
          null,
          null,
          null,
          0,
          null,
          null,
          null,
          null,
          null,
          null,
          null,
          null,
          null,
          0,
          0,
          0,
          null,
          null,
          null,
          null,
          null,
          null,
          null,
          null,
          null,
          null,
          null,
          null,
          1,
          null,
          0,
          null,
          null,
          null,
          null,
          null,
          null,
          1,
          0,
          null,
          null,
          null,
          null,
          null,
          1,
          0,
          0,
          0,
          0,
          0,
          0,
          null,
          null,
          1,
          0,
          null,
          null
        ]
      },
      "/Users/kennaelainevan/RubymineProjects/projectdirectory-selt_2024_team_004/app/models/character.rb": {
        "lines": [
          1,
          1,
          null,
          1,
          1,
          8,
          null,
          null,
          1,
          null
        ]
      },
      "/Users/kennaelainevan/RubymineProjects/projectdirectory-selt_2024_team_004/app/models/matching_game.rb": {
        "lines": [
          1,
          1,
          null,
          1,
          null,
          0,
          null,
          null,
          null,
          null,
          1,
          17,
          0,
          0,
          0,
          null,
          17,
          17,
          17,
          null,
          null,
          null,
          1,
          null,
          54,
          null,
          52,
          52,
          null,
          null,
          52,
          52,
          null,
          null,
          52,
          null,
          null,
          24,
          null,
          24,
          null,
          20,
          20,
          null,
          4,
          null,
          null,
          null,
          24,
          24,
          null,
          null,
          28,
          null,
          null,
          1,
          5,
          null,
          null,
          null,
          1,
          10,
          null,
          null,
          10,
          null,
          null,
          100,
          450,
          50,
          null,
          null,
          null,
          null,
          null,
          10,
          null,
          null
        ]
      },
      "/Users/kennaelainevan/RubymineProjects/projectdirectory-selt_2024_team_004/app/models/square.rb": {
        "lines": [
          1,
          null,
          1,
          1,
          1,
          null,
          1,
          14,
          null,
          null,
          1,
          null,
          1,
          14,
          null,
          3,
          null,
          null,
          null
        ]
      },
      "/Users/kennaelainevan/RubymineProjects/projectdirectory-selt_2024_team_004/app/models/user.rb": {
        "lines": [
          1,
          1,
          26,
          1,
          1,
          1,
          1,
          null,
          null,
          1,
          1,
          null,
          1,
          null,
          1,
          25,
          null,
          1,
          1,
          null
        ]
      },
      "/Users/kennaelainevan/RubymineProjects/projectdirectory-selt_2024_team_004/app/models/world.rb": {
        "lines": [
          1,
          1,
          null,
          1,
          1,
          1,
          1,
          null,
          1,
          null,
          0,
          null,
          null,
          0,
          null,
          null,
          0,
          0,
          0,
          0,
          null,
          null,
          null,
          1,
          null,
          1,
          24,
          null,
          null
        ]
      },
      "/Users/kennaelainevan/RubymineProjects/projectdirectory-selt_2024_team_004/app/services/open_exchange_service.rb": {
        "lines": [
          1,
          1,
          null,
          1,
          1,
          1,
          null,
          1,
          0,
          0,
          0,
          null,
          0,
          0,
          null,
          null,
          1,
          0,
          0,
          0,
          null,
          0,
          null,
          null
        ]
      },
      "/Users/kennaelainevan/RubymineProjects/projectdirectory-selt_2024_team_004/app/services/store_service.rb": {
        "lines": [
          1,
          1,
          0,
          0,
          null,
          null,
          null,
          0,
          null,
          null,
          null,
          null,
          null,
          null,
          0,
          0,
          null,
          null,
          1,
          0,
          0,
          null,
          0,
          null,
          0,
          0,
          null,
          null
        ]
      },
      "/Users/kennaelainevan/RubymineProjects/projectdirectory-selt_2024_team_004/app/models/user_world.rb": {
        "lines": [
          1,
          null,
          1,
          null,
          1,
          null,
          1,
          7,
          null,
          null,
          1,
          1,
          null,
          null
        ]
      },
      "/Users/kennaelainevan/RubymineProjects/projectdirectory-selt_2024_team_004/app/controllers/matching_game_controller.rb": {
        "lines": [
          0,
          0,
          0,
          null,
          null,
          0,
          0,
          0,
          0,
          0,
          0,
          null,
          null,
          0,
          0,
          null,
          0,
          null,
          0,
          0,
          null,
          null,
          0,
          null,
          null,
          null,
          0,
          null,
          null,
          0,
          null,
          null,
          0,
          null,
          null,
          0,
          null,
          null,
          0,
          0,
          0,
          0,
          0,
          0,
          0,
          0,
          null,
          null,
          0,
          0,
          0
        ],
        "branches": {
        }
      },
      "/Users/kennaelainevan/RubymineProjects/projectdirectory-selt_2024_team_004/app/helpers/squares_helper.rb": {
        "lines": [
          0,
          0,
          0,
          0,
          0,
          0,
          0,
          0,
          0,
          0
        ],
        "branches": {
        }
      },
      "/Users/kennaelainevan/RubymineProjects/projectdirectory-selt_2024_team_004/app/services/openai_service.rb": {
        "lines": [
          0,
          0,
          0,
          0,
          0,
          0,
          0,
          null,
          0,
          0,
          0,
          0,
          0,
          0,
          0,
          0,
          0,
          0,
          0,
          0,
          0,
          0,
          0,
          0,
          0,
          null,
          0,
          0,
          0,
          0,
          0,
          0,
          null,
          0,
          null,
          0,
          0,
          0,
          0,
          0,
          0,
          0,
          null,
          0,
          0,
          0,
          null,
          0,
          0,
          0,
          0,
          0,
          0,
          null,
          0,
          0,
          0,
          0,
          0,
          0,
          0,
          0,
          null,
          0,
          0,
          0,
          0,
          0,
          0,
          0,
          0,
          0,
          null,
          0,
          0,
          0,
          null,
          0,
          0,
          null,
          0,
          0,
          0,
          0,
          0,
          0,
          null,
          0,
          0,
          0,
          null,
          0,
          0,
          0
        ],
        "branches": {
        }
      }
    },
    "timestamp": 1733375809
  }
}
